<?xml version="1.0" encoding="UTF-8"?><testsuite errors="0" failures="1" name="Ingresar a la App Bancolombia" skipped="0" tests="1" time="45.07" timestamp="2019-12-09 08:02:35"><testcase name="Autenticacion exitosa en la App"><failure message="Expected enabled element was not enabled" type="net.thucydides.core.webdriver.exceptions.ElementShouldBeEnabledException">Expected enabled element was not enabled</failure><system-err>Expected enabled element was not enabled&#13;
tasks.Ingresar.performAs(Ingresar.java:27)&#13;
stepDefinitions.mobileStepDefinitions.ingresaLosDatosDeLogin(mobileStepDefinitions.java:29)&#13;
cucumber.runner.Runner.runPickle(Runner.java:80)&#13;
</system-err></testcase></testsuite>